<?xml version="1.0" encoding="UTF-8"?>
<!-- Generated by org.testng.reporters.JUnitXMLReporter -->
<testsuite hostname="hp" name="Default test" tests="6" failures="0" timestamp="9 Jan 2020 18:02:56 GMT" time="213.756" errors="0">
  <testcase name="selectMultiplePageTitle" time="0.173" classname="com.php.qa.testcases.CMSManagementPageTest"/>
  <testcase name="selectSinglePageTitle" time="0.076" classname="com.php.qa.testcases.CMSManagementPageTest"/>
  <testcase name="validateCMSManagementLabelTest" time="0.041" classname="com.php.qa.testcases.CMSManagementPageTest"/>
  <testcase name="validateCreatePage" time="7.343" classname="com.php.qa.testcases.CMSManagementPageTest"/>
  <testcase name="validateCreatePage" time="7.208" classname="com.php.qa.testcases.CMSManagementPageTest"/>
  <testcase name="validateCreatePage" time="8.748" classname="com.php.qa.testcases.CMSManagementPageTest"/>
</testsuite> <!-- Default test -->
