<?xml version="1.0" encoding="UTF-8"?>
<testsuite name="TestSuite" time="85.1" tests="19" errors="0" skipped="8" failures="2">
  <properties>
[...]
</properties>
  <testcase name="selectMultiplePageTitle" classname="com.php.qa.testcases.CMSManagementPageTest" time="0.244"/>
  <testcase name="selectSinglePageTitle" classname="com.php.qa.testcases.CMSManagementPageTest" time="0.116"/>
  <testcase name="validateCMSManagementLabelTest" classname="com.php.qa.testcases.CMSManagementPageTest" time="0.043"/>
  <testcase name="validateCreatePage" classname="com.php.qa.testcases.CMSManagementPageTest" time="8.788"/>
  <testcase name="validateCreatePage" classname="com.php.qa.testcases.CMSManagementPageTest" time="8.979"/>
  <testcase name="validateCreatePage" classname="com.php.qa.testcases.CMSManagementPageTest" time="9.551"/>
  <testcase name="fillingData" classname="com.php.qa.testcases.DataProvidersDemo" time="0">
    <skipped/>
  </testcase>
  <testcase name="navigatePagesPage" classname="com.php.qa.testcases.HomePageTest" time="2.924"/>
  <testcase name="validateDashboardLabel" classname="com.php.qa.testcases.HomePageTest" time="0.053"/>
  <testcase name="setup" classname="com.php.qa.testcases.HomePageTest" time="27.461">
    <failure message="timeout&#10;  (Session info: chrome=79.0.3945.88)&#10;  (Driver info: chromedriver=2.35.528161 (5b82f2d2aae0ca24b877009200ced9065a772e73),platform=Windows NT 10.0.18362 x86_64) (WARNING: The server did not provide any stacktrace information)&#10;Command duration or timeout: 20.02 seconds&#10;Build info: version: &apos;2.53.1&apos;, revision: &apos;a36b8b1cd5757287168e54b817830adce9b0158d&apos;, time: &apos;2016-06-30 19:26:09&apos;&#10;System info: host: &apos;hp&apos;, ip: &apos;192.168.0.104&apos;, os.name: &apos;Windows 10&apos;, os.arch: &apos;x86&apos;, os.version: &apos;10.0&apos;, java.version: &apos;1.8.0_171&apos;&#10;Driver info: org.openqa.selenium.chrome.ChromeDriver&#10;Capabilities [{applicationCacheEnabled=false, rotatable=false, mobileEmulationEnabled=false, networkConnectionEnabled=false, chrome={chromedriverVersion=2.35.528161 (5b82f2d2aae0ca24b877009200ced9065a772e73), userDataDir=C:\Users\aditya\AppData\Local\Temp\scoped_dir9776_15659}, takesHeapSnapshot=true, pageLoadStrategy=normal, databaseEnabled=false, handlesAlerts=true, hasTouchScreen=false, version=79.0.3945.88, platform=XP, browserConnectionEnabled=false, nativeEvents=true, acceptSslCerts=false, acceptInsecureCerts=false, locationContextEnabled=true, webStorageEnabled=true, browserName=chrome, takesScreenshot=true, javascriptEnabled=true, cssSelectorsEnabled=true, setWindowRect=true, unexpectedAlertBehaviour=}]&#10;Session ID: 2308820a8b0a4c345e75286ae76e5238" type="org.openqa.selenium.TimeoutException">org.openqa.selenium.TimeoutException: timeout
  (Session info: chrome=79.0.3945.88)
  (Driver info: chromedriver=2.35.528161 (5b82f2d2aae0ca24b877009200ced9065a772e73),platform=Windows NT 10.0.18362 x86_64) (WARNING: The server did not provide any stacktrace information)
Command duration or timeout: 20.02 seconds
Build info: version: '2.53.1', revision: 'a36b8b1cd5757287168e54b817830adce9b0158d', time: '2016-06-30 19:26:09'
System info: host: 'hp', ip: '192.168.0.104', os.name: 'Windows 10', os.arch: 'x86', os.version: '10.0', java.version: '1.8.0_171'
Driver info: org.openqa.selenium.chrome.ChromeDriver
Capabilities [{applicationCacheEnabled=false, rotatable=false, mobileEmulationEnabled=false, networkConnectionEnabled=false, chrome={chromedriverVersion=2.35.528161 (5b82f2d2aae0ca24b877009200ced9065a772e73), userDataDir=C:\Users\aditya\AppData\Local\Temp\scoped_dir9776_15659}, takesHeapSnapshot=true, pageLoadStrategy=normal, databaseEnabled=false, handlesAlerts=true, hasTouchScreen=false, version=79.0.3945.88, platform=XP, browserConnectionEnabled=false, nativeEvents=true, acceptSslCerts=false, acceptInsecureCerts=false, locationContextEnabled=true, webStorageEnabled=true, browserName=chrome, takesScreenshot=true, javascriptEnabled=true, cssSelectorsEnabled=true, setWindowRect=true, unexpectedAlertBehaviour=}]
Session ID: 2308820a8b0a4c345e75286ae76e5238
	at sun.reflect.NativeConstructorAccessorImpl.newInstance0(Native Method)
	at sun.reflect.NativeConstructorAccessorImpl.newInstance(NativeConstructorAccessorImpl.java:62)
	at sun.reflect.DelegatingConstructorAccessorImpl.newInstance(DelegatingConstructorAccessorImpl.java:45)
	at java.lang.reflect.Constructor.newInstance(Constructor.java:423)
	at org.openqa.selenium.remote.ErrorHandler.createThrowable(ErrorHandler.java:206)
	at org.openqa.selenium.remote.ErrorHandler.throwIfResponseFailed(ErrorHandler.java:158)
	at org.openqa.selenium.remote.RemoteWebDriver.execute(RemoteWebDriver.java:678)
	at org.openqa.selenium.remote.RemoteWebDriver.get(RemoteWebDriver.java:316)
	at com.php.qa.base.TestBase.initialisation(TestBase.java:40)
	at com.php.qa.testcases.HomePageTest.setup(HomePageTest.java:28)
</failure>
    <system-err><![CDATA[Starting ChromeDriver 2.35.528161 (5b82f2d2aae0ca24b877009200ced9065a772e73) on port 13306
Only local connections are allowed.
[1578592021.324][SEVERE]: Timed out receiving message from renderer: 18.904
[1578592021.337][SEVERE]: Timed out receiving message from renderer: -0.014
]]></system-err>
  </testcase>
  <testcase name="validateHomePageTitle" classname="com.php.qa.testcases.HomePageTest" time="0">
    <skipped/>
  </testcase>
  <testcase name="tearDown" classname="com.php.qa.testcases.HomePageTest" time="0">
    <skipped/>
  </testcase>
  <testcase name="valdiateLoginpageTitle" classname="com.php.qa.testcases.LoginPageTest" time="0.009"/>
  <testcase name="setup" classname="com.php.qa.testcases.LoginPageTest" time="26.932">
    <failure message="timeout&#10;  (Session info: chrome=79.0.3945.88)&#10;  (Driver info: chromedriver=2.35.528161 (5b82f2d2aae0ca24b877009200ced9065a772e73),platform=Windows NT 10.0.18362 x86_64) (WARNING: The server did not provide any stacktrace information)&#10;Command duration or timeout: 20.02 seconds&#10;Build info: version: &apos;2.53.1&apos;, revision: &apos;a36b8b1cd5757287168e54b817830adce9b0158d&apos;, time: &apos;2016-06-30 19:26:09&apos;&#10;System info: host: &apos;hp&apos;, ip: &apos;192.168.0.104&apos;, os.name: &apos;Windows 10&apos;, os.arch: &apos;x86&apos;, os.version: &apos;10.0&apos;, java.version: &apos;1.8.0_171&apos;&#10;Driver info: org.openqa.selenium.chrome.ChromeDriver&#10;Capabilities [{applicationCacheEnabled=false, rotatable=false, mobileEmulationEnabled=false, networkConnectionEnabled=false, chrome={chromedriverVersion=2.35.528161 (5b82f2d2aae0ca24b877009200ced9065a772e73), userDataDir=C:\Users\aditya\AppData\Local\Temp\scoped_dir10272_17610}, takesHeapSnapshot=true, pageLoadStrategy=normal, databaseEnabled=false, handlesAlerts=true, hasTouchScreen=false, version=79.0.3945.88, platform=XP, browserConnectionEnabled=false, nativeEvents=true, acceptSslCerts=false, acceptInsecureCerts=false, locationContextEnabled=true, webStorageEnabled=true, browserName=chrome, takesScreenshot=true, javascriptEnabled=true, cssSelectorsEnabled=true, setWindowRect=true, unexpectedAlertBehaviour=}]&#10;Session ID: 153024f1e7296950cb5f2864e92d849f" type="org.openqa.selenium.TimeoutException">org.openqa.selenium.TimeoutException: timeout
  (Session info: chrome=79.0.3945.88)
  (Driver info: chromedriver=2.35.528161 (5b82f2d2aae0ca24b877009200ced9065a772e73),platform=Windows NT 10.0.18362 x86_64) (WARNING: The server did not provide any stacktrace information)
Command duration or timeout: 20.02 seconds
Build info: version: '2.53.1', revision: 'a36b8b1cd5757287168e54b817830adce9b0158d', time: '2016-06-30 19:26:09'
System info: host: 'hp', ip: '192.168.0.104', os.name: 'Windows 10', os.arch: 'x86', os.version: '10.0', java.version: '1.8.0_171'
Driver info: org.openqa.selenium.chrome.ChromeDriver
Capabilities [{applicationCacheEnabled=false, rotatable=false, mobileEmulationEnabled=false, networkConnectionEnabled=false, chrome={chromedriverVersion=2.35.528161 (5b82f2d2aae0ca24b877009200ced9065a772e73), userDataDir=C:\Users\aditya\AppData\Local\Temp\scoped_dir10272_17610}, takesHeapSnapshot=true, pageLoadStrategy=normal, databaseEnabled=false, handlesAlerts=true, hasTouchScreen=false, version=79.0.3945.88, platform=XP, browserConnectionEnabled=false, nativeEvents=true, acceptSslCerts=false, acceptInsecureCerts=false, locationContextEnabled=true, webStorageEnabled=true, browserName=chrome, takesScreenshot=true, javascriptEnabled=true, cssSelectorsEnabled=true, setWindowRect=true, unexpectedAlertBehaviour=}]
Session ID: 153024f1e7296950cb5f2864e92d849f
	at sun.reflect.NativeConstructorAccessorImpl.newInstance0(Native Method)
	at sun.reflect.NativeConstructorAccessorImpl.newInstance(NativeConstructorAccessorImpl.java:62)
	at sun.reflect.DelegatingConstructorAccessorImpl.newInstance(DelegatingConstructorAccessorImpl.java:45)
	at java.lang.reflect.Constructor.newInstance(Constructor.java:423)
	at org.openqa.selenium.remote.ErrorHandler.createThrowable(ErrorHandler.java:206)
	at org.openqa.selenium.remote.ErrorHandler.throwIfResponseFailed(ErrorHandler.java:158)
	at org.openqa.selenium.remote.RemoteWebDriver.execute(RemoteWebDriver.java:678)
	at org.openqa.selenium.remote.RemoteWebDriver.get(RemoteWebDriver.java:316)
	at com.php.qa.base.TestBase.initialisation(TestBase.java:40)
	at com.php.qa.testcases.LoginPageTest.setup(LoginPageTest.java:25)
</failure>
    <system-err><![CDATA[Starting ChromeDriver 2.35.528161 (5b82f2d2aae0ca24b877009200ced9065a772e73) on port 19307
Only local connections are allowed.
[1578592065.130][SEVERE]: Timed out receiving message from renderer: 17.861
[1578592065.140][SEVERE]: Timed out receiving message from renderer: -0.011
]]></system-err>
  </testcase>
  <testcase name="validateLogin" classname="com.php.qa.testcases.LoginPageTest" time="0">
    <skipped/>
  </testcase>
  <testcase name="tearDown" classname="com.php.qa.testcases.LoginPageTest" time="0">
    <skipped/>
  </testcase>
  <testcase name="setup" classname="com.php.qa.testcases.LoginPageTest" time="0">
    <skipped/>
  </testcase>
  <testcase name="validateLoginPanelHeader" classname="com.php.qa.testcases.LoginPageTest" time="0">
    <skipped/>
  </testcase>
  <testcase name="tearDown" classname="com.php.qa.testcases.LoginPageTest" time="0">
    <skipped/>
  </testcase>
</testsuite>