<?xml version="1.0" encoding="UTF-8"?>
<testng-results skipped="0" failed="0" total="6" passed="6">
  <reporter-output>
  </reporter-output>
  <suite name="Default suite" duration-ms="213756" started-at="2020-01-09T17:59:22Z" finished-at="2020-01-09T18:02:56Z">
    <groups>
    </groups>
    <test name="Default test" duration-ms="213756" started-at="2020-01-09T17:59:22Z" finished-at="2020-01-09T18:02:56Z">
      <class name="com.php.qa.testcases.CMSManagementPageTest">
        <test-method status="PASS" signature="setup()[pri:0, instance:com.php.qa.testcases.CMSManagementPageTest@1f5b51f]" name="setup" is-config="true" duration-ms="34505" started-at="2020-01-09T23:29:22Z" finished-at="2020-01-09T23:29:56Z">
          <reporter-output>
          </reporter-output>
        </test-method> <!-- setup -->
        <test-method status="PASS" signature="selectMultiplePageTitle()[pri:0, instance:com.php.qa.testcases.CMSManagementPageTest@1f5b51f]" name="selectMultiplePageTitle" duration-ms="173" started-at="2020-01-09T23:29:56Z" finished-at="2020-01-09T23:29:57Z">
          <reporter-output>
          </reporter-output>
        </test-method> <!-- selectMultiplePageTitle -->
        <test-method status="PASS" signature="tearDown()[pri:0, instance:com.php.qa.testcases.CMSManagementPageTest@1f5b51f]" name="tearDown" is-config="true" duration-ms="1682" started-at="2020-01-09T23:29:57Z" finished-at="2020-01-09T23:29:58Z">
          <reporter-output>
          </reporter-output>
        </test-method> <!-- tearDown -->
        <test-method status="PASS" signature="setup()[pri:0, instance:com.php.qa.testcases.CMSManagementPageTest@1f5b51f]" name="setup" is-config="true" duration-ms="37294" started-at="2020-01-09T23:29:58Z" finished-at="2020-01-09T23:30:36Z">
          <reporter-output>
          </reporter-output>
        </test-method> <!-- setup -->
        <test-method status="PASS" signature="selectSinglePageTitle()[pri:0, instance:com.php.qa.testcases.CMSManagementPageTest@1f5b51f]" name="selectSinglePageTitle" duration-ms="76" started-at="2020-01-09T23:30:36Z" finished-at="2020-01-09T23:30:36Z">
          <reporter-output>
          </reporter-output>
        </test-method> <!-- selectSinglePageTitle -->
        <test-method status="PASS" signature="tearDown()[pri:0, instance:com.php.qa.testcases.CMSManagementPageTest@1f5b51f]" name="tearDown" is-config="true" duration-ms="1069" started-at="2020-01-09T23:30:36Z" finished-at="2020-01-09T23:30:37Z">
          <reporter-output>
          </reporter-output>
        </test-method> <!-- tearDown -->
        <test-method status="PASS" signature="setup()[pri:0, instance:com.php.qa.testcases.CMSManagementPageTest@1f5b51f]" name="setup" is-config="true" duration-ms="28291" started-at="2020-01-09T23:30:37Z" finished-at="2020-01-09T23:31:05Z">
          <reporter-output>
          </reporter-output>
        </test-method> <!-- setup -->
        <test-method status="PASS" signature="validateCMSManagementLabelTest()[pri:0, instance:com.php.qa.testcases.CMSManagementPageTest@1f5b51f]" name="validateCMSManagementLabelTest" duration-ms="41" started-at="2020-01-09T23:31:05Z" finished-at="2020-01-09T23:31:05Z">
          <reporter-output>
          </reporter-output>
        </test-method> <!-- validateCMSManagementLabelTest -->
        <test-method status="PASS" signature="tearDown()[pri:0, instance:com.php.qa.testcases.CMSManagementPageTest@1f5b51f]" name="tearDown" is-config="true" duration-ms="980" started-at="2020-01-09T23:31:05Z" finished-at="2020-01-09T23:31:06Z">
          <reporter-output>
          </reporter-output>
        </test-method> <!-- tearDown -->
        <test-method status="PASS" signature="setup()[pri:0, instance:com.php.qa.testcases.CMSManagementPageTest@1f5b51f]" name="setup" is-config="true" duration-ms="27685" started-at="2020-01-09T23:31:07Z" finished-at="2020-01-09T23:31:34Z">
          <reporter-output>
          </reporter-output>
        </test-method> <!-- setup -->
        <test-method status="PASS" signature="validateCreatePage(java.lang.String, java.lang.String, java.lang.String, java.lang.String)[pri:0, instance:com.php.qa.testcases.CMSManagementPageTest@1f5b51f]" name="validateCreatePage" duration-ms="7343" started-at="2020-01-09T23:31:34Z" data-provider="pHPData" finished-at="2020-01-09T23:31:42Z">
          <params>
            <param index="0">
              <value>
                <![CDATA[Java]]>
              </value>
            </param>
            <param index="1">
              <value>
                <![CDATA[Java]]>
              </value>
            </param>
            <param index="2">
              <value>
                <![CDATA[program]]>
              </value>
            </param>
            <param index="3">
              <value>
                <![CDATA[language]]>
              </value>
            </param>
          </params>
          <reporter-output>
          </reporter-output>
        </test-method> <!-- validateCreatePage -->
        <test-method status="PASS" signature="tearDown()[pri:0, instance:com.php.qa.testcases.CMSManagementPageTest@1f5b51f]" name="tearDown" is-config="true" duration-ms="1036" started-at="2020-01-09T23:31:42Z" finished-at="2020-01-09T23:31:43Z">
          <reporter-output>
          </reporter-output>
        </test-method> <!-- tearDown -->
        <test-method status="PASS" signature="setup()[pri:0, instance:com.php.qa.testcases.CMSManagementPageTest@1f5b51f]" name="setup" is-config="true" duration-ms="27633" started-at="2020-01-09T23:31:43Z" finished-at="2020-01-09T23:32:10Z">
          <reporter-output>
          </reporter-output>
        </test-method> <!-- setup -->
        <test-method status="PASS" signature="validateCreatePage(java.lang.String, java.lang.String, java.lang.String, java.lang.String)[pri:0, instance:com.php.qa.testcases.CMSManagementPageTest@1f5b51f]" name="validateCreatePage" duration-ms="7208" started-at="2020-01-09T23:32:10Z" data-provider="pHPData" finished-at="2020-01-09T23:32:18Z">
          <params>
            <param index="0">
              <value>
                <![CDATA[Python]]>
              </value>
            </param>
            <param index="1">
              <value>
                <![CDATA[Python]]>
              </value>
            </param>
            <param index="2">
              <value>
                <![CDATA[program]]>
              </value>
            </param>
            <param index="3">
              <value>
                <![CDATA[language]]>
              </value>
            </param>
          </params>
          <reporter-output>
          </reporter-output>
        </test-method> <!-- validateCreatePage -->
        <test-method status="PASS" signature="tearDown()[pri:0, instance:com.php.qa.testcases.CMSManagementPageTest@1f5b51f]" name="tearDown" is-config="true" duration-ms="1005" started-at="2020-01-09T23:32:18Z" finished-at="2020-01-09T23:32:19Z">
          <reporter-output>
          </reporter-output>
        </test-method> <!-- tearDown -->
        <test-method status="PASS" signature="setup()[pri:0, instance:com.php.qa.testcases.CMSManagementPageTest@1f5b51f]" name="setup" is-config="true" duration-ms="27293" started-at="2020-01-09T23:32:19Z" finished-at="2020-01-09T23:32:46Z">
          <reporter-output>
          </reporter-output>
        </test-method> <!-- setup -->
        <test-method status="PASS" signature="validateCreatePage(java.lang.String, java.lang.String, java.lang.String, java.lang.String)[pri:0, instance:com.php.qa.testcases.CMSManagementPageTest@1f5b51f]" name="validateCreatePage" duration-ms="8748" started-at="2020-01-09T23:32:46Z" data-provider="pHPData" finished-at="2020-01-09T23:32:55Z">
          <params>
            <param index="0">
              <value>
                <![CDATA[C#]]>
              </value>
            </param>
            <param index="1">
              <value>
                <![CDATA[C#]]>
              </value>
            </param>
            <param index="2">
              <value>
                <![CDATA[program]]>
              </value>
            </param>
            <param index="3">
              <value>
                <![CDATA[language]]>
              </value>
            </param>
          </params>
          <reporter-output>
          </reporter-output>
        </test-method> <!-- validateCreatePage -->
        <test-method status="PASS" signature="tearDown()[pri:0, instance:com.php.qa.testcases.CMSManagementPageTest@1f5b51f]" name="tearDown" is-config="true" duration-ms="1036" started-at="2020-01-09T23:32:55Z" finished-at="2020-01-09T23:32:56Z">
          <reporter-output>
          </reporter-output>
        </test-method> <!-- tearDown -->
      </class> <!-- com.php.qa.testcases.CMSManagementPageTest -->
    </test> <!-- Default test -->
  </suite> <!-- Default suite -->
</testng-results>
